Arguments: 
  C:\Program Files\nodejs\node.exe C:\Program Files (x86)\Yarn\bin\yarn.js init

PATH: 
  C:\Python27\;C:\Python27\Scripts;C:\Windows\system32;C:\Windows;C:\Windows\System32\Wbem;C:\Windows\System32\WindowsPowerShell\v1.0\;C:\Windows\System32\OpenSSH\;C:\ProgramData\chocolatey\bin;C:\Program Files\NVIDIA Corporation\NVIDIA NvDLISR;C:\Program Files\dotnet\;C:\Program Files\Git\cmd;C:\Program Files\Microsoft SQL Server\130\Tools\Binn\;C:\Program Files\Microsoft SQL Server\Client SDK\ODBC\170\Tools\Binn\;C:\Program Files (x86)\NVIDIA Corporation\PhysX\Common;C:\Program Files (x86)\Yarn\bin\;C:\Program Files\MongoDB\Server\4.2\bin;C:\Program Files\PostgreSQL\12\bin;C:\Program Files\Java\jdk1.8.0_211\bin;C:\Program Files\nodejs\;C:\Users\Jsix\AppData\Local\Microsoft\WindowsApps;C:\Users\Jsix\AppData\Local\Programs\Microsoft VS Code\bin;C:\Users\Jsix\AppData\Local\Yarn\bin;C:\Program Files\MySQL\MySQL Server 8.0\bin;H:\Android\Sdk\emulator;H:\Android\Sdk\tools;H:\Android\Sdk\tools\bin;H:\Android\Sdk\platform-tools;C:\Users\Jsix\AppData\Roaming\npm;H:\Android\Sdk

Yarn version: 
  1.21.1

Node version: 
  14.4.0

Platform: 
  win32 x64

Trace: 
  Error: canceled
      at Interface.<anonymous> (C:\Program Files (x86)\Yarn\lib\cli.js:136925:13)
      at Interface.emit (events.js:315:20)
      at Interface._ttyWrite (readline.js:873:16)
      at ReadStream.onkeypress (readline.js:213:10)
      at ReadStream.emit (events.js:315:20)
      at emitKeys (internal/readline/utils.js:335:14)
      at emitKeys.next (<anonymous>)
      at ReadStream.onData (readline.js:1140:36)
      at ReadStream.emit (events.js:315:20)
      at addChunk (_stream_readable.js:302:12)

npm manifest: 
  No manifest

yarn manifest: 
  No manifest

Lockfile: 
  No lockfile
